# JRE version: OpenJDK Runtime Environment Corretto-11.0.14.10.1 (11.0.14.1+10) (build 11.0.14.1+10-LTS)
# Java VM: OpenJDK 64-Bit Server VM Corretto-11.0.14.10.1 (11.0.14.1+10-LTS, mixed mode, tiered, compressed oops, g1 gc, windows-amd64)
Heap:
 garbage-first heap   total 63488K, used 39454K [0x00000000c2000000, 0x0000000100000000)
  region size 1024K, 33 young (33792K), 4 survivors (4096K)
 Metaspace       used 33272K, capacity 34061K, committed 34176K, reserved 1079296K
  class space    used 3652K, capacity 3965K, committed 3968K, reserved 1048576K
GC Heap History (6 events):
Event: 3.773 GC heap before
{Heap before GC invocations=0 (full 0):
 garbage-first heap   total 63488K, used 13312K [0x00000000c2000000, 0x0000000100000000)
  region size 1024K, 14 young (14336K), 0 survivors (0K)
 Metaspace       used 11382K, capacity 11644K, committed 11776K, reserved 1060864K
  class space    used 1106K, capacity 1207K, committed 1280K, reserved 1048576K
}
Event: 3.792 GC heap after
{Heap after GC invocations=1 (full 0):
 garbage-first heap   total 63488K, used 3870K [0x00000000c2000000, 0x0000000100000000)
  region size 1024K, 2 young (2048K), 2 survivors (2048K)
 Metaspace       used 11382K, capacity 11644K, committed 11776K, reserved 1060864K
  class space    used 1106K, capacity 1207K, committed 1280K, reserved 1048576K
}
Event: 11.986 GC heap before
{Heap before GC invocations=1 (full 0):
 garbage-first heap   total 63488K, used 33566K [0x00000000c2000000, 0x0000000100000000)
  region size 1024K, 32 young (32768K), 2 survivors (2048K)
 Metaspace       used 20714K, capacity 21206K, committed 21248K, reserved 1069056K
  class space    used 2084K, capacity 2264K, committed 2304K, reserved 1048576K
}
Event: 12.010 GC heap after
{Heap after GC invocations=2 (full 0):
 garbage-first heap   total 63488K, used 6434K [0x00000000c2000000, 0x0000000100000000)
  region size 1024K, 5 young (5120K), 5 survivors (5120K)
 Metaspace       used 20714K, capacity 21206K, committed 21248K, reserved 1069056K
  class space    used 2084K, capacity 2264K, committed 2304K, reserved 1048576K
}
Event: 16.076 GC heap before
{Heap before GC invocations=3 (full 0):
 garbage-first heap   total 63488K, used 34082K [0x00000000c2000000, 0x0000000100000000)
  region size 1024K, 32 young (32768K), 5 survivors (5120K)
 Metaspace       used 25806K, capacity 26341K, committed 26496K, reserved 1073152K
  class space    used 2649K, capacity 2844K, committed 2944K, reserved 1048576K
}
Event: 16.106 GC heap after
{Heap after GC invocations=4 (full 0):
 garbage-first heap   total 63488K, used 10782K [0x00000000c2000000, 0x0000000100000000)
  region size 1024K, 4 young (4096K), 4 survivors (4096K)
 Metaspace       used 25806K, capacity 26341K, committed 26496K, reserved 1073152K
  class space    used 2649K, capacity 2844K, committed 2944K, reserved 1048576K
}

