# JRE version: OpenJDK Runtime Environment Corretto-11.0.14.10.1 (11.0.14.1+10) (build 11.0.14.1+10-LTS)
# Java VM: OpenJDK 64-Bit Server VM Corretto-11.0.14.10.1 (11.0.14.1+10-LTS, mixed mode, tiered, compressed oops, g1 gc, windows-amd64)
Heap:
 garbage-first heap   total 63488K, used 16321K [0x00000000c2000000, 0x0000000100000000)
  region size 1024K, 9 young (9216K), 4 survivors (4096K)
 Metaspace       used 28107K, capacity 28745K, committed 28924K, reserved 1075200K
  class space    used 2958K, capacity 3194K, committed 3324K, reserved 1048576K
GC Heap History (10 events):
Event: 1.512 GC heap before
{Heap before GC invocations=0 (full 0):
 garbage-first heap   total 63488K, used 13312K [0x00000000c2000000, 0x0000000100000000)
  region size 1024K, 14 young (14336K), 0 survivors (0K)
 Metaspace       used 10966K, capacity 11198K, committed 11392K, reserved 1058816K
  class space    used 1079K, capacity 1143K, committed 1152K, reserved 1048576K
}
Event: 1.523 GC heap after
{Heap after GC invocations=1 (full 0):
 garbage-first heap   total 63488K, used 5257K [0x00000000c2000000, 0x0000000100000000)
  region size 1024K, 2 young (2048K), 2 survivors (2048K)
 Metaspace       used 10966K, capacity 11198K, committed 11392K, reserved 1058816K
  class space    used 1079K, capacity 1143K, committed 1152K, reserved 1048576K
}
Event: 2.207 GC heap before
{Heap before GC invocations=1 (full 0):
 garbage-first heap   total 63488K, used 12425K [0x00000000c2000000, 0x0000000100000000)
  region size 1024K, 9 young (9216K), 2 survivors (2048K)
 Metaspace       used 13361K, capacity 13627K, committed 13696K, reserved 1060864K
  class space    used 1278K, capacity 1377K, committed 1408K, reserved 1048576K
}
Event: 2.214 GC heap after
{Heap after GC invocations=2 (full 0):
 garbage-first heap   total 63488K, used 6115K [0x00000000c2000000, 0x0000000100000000)
  region size 1024K, 1 young (1024K), 1 survivors (1024K)
 Metaspace       used 13361K, capacity 13627K, committed 13696K, reserved 1060864K
  class space    used 1278K, capacity 1377K, committed 1408K, reserved 1048576K
}
Event: 3.269 GC heap before
{Heap before GC invocations=2 (full 0):
 garbage-first heap   total 63488K, used 26595K [0x00000000c2000000, 0x0000000100000000)
  region size 1024K, 22 young (22528K), 1 survivors (1024K)
 Metaspace       used 19265K, capacity 19752K, committed 19840K, reserved 1067008K
  class space    used 1937K, capacity 2116K, committed 2176K, reserved 1048576K
}
Event: 3.277 GC heap after
{Heap after GC invocations=3 (full 0):
 garbage-first heap   total 63488K, used 7757K [0x00000000c2000000, 0x0000000100000000)
  region size 1024K, 3 young (3072K), 3 survivors (3072K)
 Metaspace       used 19265K, capacity 19752K, committed 19840K, reserved 1067008K
  class space    used 1937K, capacity 2116K, committed 2176K, reserved 1048576K
}
Event: 3.554 GC heap before
{Heap before GC invocations=3 (full 0):
 garbage-first heap   total 63488K, used 11853K [0x00000000c2000000, 0x0000000100000000)
  region size 1024K, 8 young (8192K), 3 survivors (3072K)
 Metaspace       used 20720K, capacity 21218K, committed 21248K, reserved 1069056K
  class space    used 2097K, capacity 2285K, committed 2304K, reserved 1048576K
}
Event: 3.562 GC heap after
{Heap after GC invocations=4 (full 0):
 garbage-first heap   total 63488K, used 8591K [0x00000000c2000000, 0x0000000100000000)
  region size 1024K, 3 young (3072K), 3 survivors (3072K)
 Metaspace       used 20720K, capacity 21218K, committed 21248K, reserved 1069056K
  class space    used 2097K, capacity 2285K, committed 2304K, reserved 1048576K
}
Event: 4.242 GC heap before
{Heap before GC invocations=5 (full 0):
 garbage-first heap   total 63488K, used 33167K [0x00000000c2000000, 0x0000000100000000)
  region size 1024K, 28 young (28672K), 3 survivors (3072K)
 Metaspace       used 24799K, capacity 25363K, committed 25596K, reserved 1073152K
  class space    used 2538K, capacity 2770K, committed 2812K, reserved 1048576K
}
Event: 4.260 GC heap after
{Heap after GC invocations=6 (full 0):
 garbage-first heap   total 63488K, used 12225K [0x00000000c2000000, 0x0000000100000000)
  region size 1024K, 4 young (4096K), 4 survivors (4096K)
 Metaspace       used 24799K, capacity 25363K, committed 25596K, reserved 1073152K
  class space    used 2538K, capacity 2770K, committed 2812K, reserved 1048576K
}

