# JRE version: OpenJDK Runtime Environment Corretto-11.0.14.10.1 (11.0.14.1+10) (build 11.0.14.1+10-LTS)
# Java VM: OpenJDK 64-Bit Server VM Corretto-11.0.14.10.1 (11.0.14.1+10-LTS, mixed mode, tiered, compressed oops, g1 gc, windows-amd64)
Heap:
 garbage-first heap   total 63488K, used 38912K [0x00000000c2000000, 0x0000000100000000)
  region size 1024K, 23 young (23552K), 2 survivors (2048K)
 Metaspace       used 34884K, capacity 35784K, committed 35840K, reserved 1081344K
  class space    used 3858K, capacity 4210K, committed 4224K, reserved 1048576K
GC Heap History (14 events):
Event: 1.824 GC heap before
{Heap before GC invocations=0 (full 0):
 garbage-first heap   total 63488K, used 13312K [0x00000000c2000000, 0x0000000100000000)
  region size 1024K, 14 young (14336K), 0 survivors (0K)
 Metaspace       used 10663K, capacity 10916K, committed 11136K, reserved 1058816K
  class space    used 1042K, capacity 1111K, committed 1152K, reserved 1048576K
}
Event: 1.837 GC heap after
{Heap after GC invocations=1 (full 0):
 garbage-first heap   total 63488K, used 5383K [0x00000000c2000000, 0x0000000100000000)
  region size 1024K, 2 young (2048K), 2 survivors (2048K)
 Metaspace       used 10663K, capacity 10916K, committed 11136K, reserved 1058816K
  class space    used 1042K, capacity 1111K, committed 1152K, reserved 1048576K
}
Event: 2.760 GC heap before
{Heap before GC invocations=1 (full 0):
 garbage-first heap   total 63488K, used 11527K [0x00000000c2000000, 0x0000000100000000)
  region size 1024K, 8 young (8192K), 2 survivors (2048K)
 Metaspace       used 12602K, capacity 12860K, committed 13184K, reserved 1060864K
  class space    used 1222K, capacity 1312K, committed 1408K, reserved 1048576K
}
Event: 2.767 GC heap after
{Heap after GC invocations=2 (full 0):
 garbage-first heap   total 63488K, used 6081K [0x00000000c2000000, 0x0000000100000000)
  region size 1024K, 1 young (1024K), 1 survivors (1024K)
 Metaspace       used 12602K, capacity 12860K, committed 13184K, reserved 1060864K
  class space    used 1222K, capacity 1312K, committed 1408K, reserved 1048576K
}
Event: 4.707 GC heap before
{Heap before GC invocations=2 (full 0):
 garbage-first heap   total 63488K, used 26561K [0x00000000c2000000, 0x0000000100000000)
  region size 1024K, 21 young (21504K), 1 survivors (1024K)
 Metaspace       used 18324K, capacity 18804K, committed 18944K, reserved 1067008K
  class space    used 1825K, capacity 1969K, committed 2048K, reserved 1048576K
}
Event: 4.715 GC heap after
{Heap after GC invocations=3 (full 0):
 garbage-first heap   total 63488K, used 7342K [0x00000000c2000000, 0x0000000100000000)
  region size 1024K, 2 young (2048K), 2 survivors (2048K)
 Metaspace       used 18324K, capacity 18804K, committed 18944K, reserved 1067008K
  class space    used 1825K, capacity 1969K, committed 2048K, reserved 1048576K
}
Event: 5.133 GC heap before
{Heap before GC invocations=3 (full 0):
 garbage-first heap   total 63488K, used 13486K [0x00000000c2000000, 0x0000000100000000)
  region size 1024K, 9 young (9216K), 2 survivors (2048K)
 Metaspace       used 20636K, capacity 21150K, committed 21248K, reserved 1069056K
  class space    used 2076K, capacity 2264K, committed 2304K, reserved 1048576K
}
Event: 5.140 GC heap after
{Heap after GC invocations=4 (full 0):
 garbage-first heap   total 63488K, used 8290K [0x00000000c2000000, 0x0000000100000000)
  region size 1024K, 3 young (3072K), 3 survivors (3072K)
 Metaspace       used 20636K, capacity 21150K, committed 21248K, reserved 1069056K
  class space    used 2076K, capacity 2264K, committed 2304K, reserved 1048576K
}
Event: 5.739 GC heap before
{Heap before GC invocations=5 (full 0):
 garbage-first heap   total 63488K, used 29794K [0x00000000c2000000, 0x0000000100000000)
  region size 1024K, 24 young (24576K), 3 survivors (3072K)
 Metaspace       used 23791K, capacity 24375K, committed 24448K, reserved 1071104K
  class space    used 2437K, capacity 2676K, committed 2688K, reserved 1048576K
}
Event: 5.756 GC heap after
{Heap after GC invocations=6 (full 0):
 garbage-first heap   total 63488K, used 10535K [0x00000000c2000000, 0x0000000100000000)
  region size 1024K, 3 young (3072K), 3 survivors (3072K)
 Metaspace       used 23791K, capacity 24375K, committed 24448K, reserved 1071104K
  class space    used 2437K, capacity 2676K, committed 2688K, reserved 1048576K
}
Event: 6.412 GC heap before
{Heap before GC invocations=6 (full 0):
 garbage-first heap   total 63488K, used 33063K [0x00000000c2000000, 0x0000000100000000)
  region size 1024K, 25 young (25600K), 3 survivors (3072K)
 Metaspace       used 26599K, capacity 27173K, committed 27392K, reserved 1073152K
  class space    used 2770K, capacity 2994K, committed 3072K, reserved 1048576K
}
Event: 6.425 GC heap after
{Heap after GC invocations=7 (full 0):
 garbage-first heap   total 63488K, used 13145K [0x00000000c2000000, 0x0000000100000000)
  region size 1024K, 3 young (3072K), 3 survivors (3072K)
 Metaspace       used 26599K, capacity 27173K, committed 27392K, reserved 1073152K
  class space    used 2770K, capacity 2994K, committed 3072K, reserved 1048576K
}
Event: 7.959 GC heap before
{Heap before GC invocations=7 (full 0):
 garbage-first heap   total 63488K, used 35673K [0x00000000c2000000, 0x0000000100000000)
  region size 1024K, 25 young (25600K), 3 survivors (3072K)
 Metaspace       used 31589K, capacity 32238K, committed 32384K, reserved 1077248K
  class space    used 3394K, capacity 3661K, committed 3712K, reserved 1048576K
}
Event: 7.984 GC heap after
{Heap after GC invocations=8 (full 0):
 garbage-first heap   total 63488K, used 14336K [0x00000000c2000000, 0x0000000100000000)
  region size 1024K, 2 young (2048K), 2 survivors (2048K)
 Metaspace       used 31589K, capacity 32238K, committed 32384K, reserved 1077248K
  class space    used 3394K, capacity 3661K, committed 3712K, reserved 1048576K
}

