# JRE version: OpenJDK Runtime Environment Corretto-11.0.14.10.1 (11.0.14.1+10) (build 11.0.14.1+10-LTS)
# Java VM: OpenJDK 64-Bit Server VM Corretto-11.0.14.10.1 (11.0.14.1+10-LTS, mixed mode, tiered, compressed oops, g1 gc, windows-amd64)
Heap:
 garbage-first heap   total 76800K, used 14336K [0x00000000c2000000, 0x0000000100000000)
  region size 1024K, 2 young (2048K), 2 survivors (2048K)
 Metaspace       used 31197K, capacity 31955K, committed 32128K, reserved 1077248K
  class space    used 3373K, capacity 3648K, committed 3712K, reserved 1048576K
GC Heap History (11 events):
Event: 1.531 GC heap before
{Heap before GC invocations=0 (full 0):
 garbage-first heap   total 63488K, used 13312K [0x00000000c2000000, 0x0000000100000000)
  region size 1024K, 14 young (14336K), 0 survivors (0K)
 Metaspace       used 10951K, capacity 11166K, committed 11520K, reserved 1058816K
  class space    used 1076K, capacity 1175K, committed 1280K, reserved 1048576K
}
Event: 1.543 GC heap after
{Heap after GC invocations=1 (full 0):
 garbage-first heap   total 63488K, used 5346K [0x00000000c2000000, 0x0000000100000000)
  region size 1024K, 2 young (2048K), 2 survivors (2048K)
 Metaspace       used 10951K, capacity 11166K, committed 11520K, reserved 1058816K
  class space    used 1076K, capacity 1175K, committed 1280K, reserved 1048576K
}
Event: 2.475 GC heap before
{Heap before GC invocations=1 (full 0):
 garbage-first heap   total 63488K, used 15586K [0x00000000c2000000, 0x0000000100000000)
  region size 1024K, 12 young (12288K), 2 survivors (2048K)
 Metaspace       used 14090K, capacity 14311K, committed 14592K, reserved 1062912K
  class space    used 1363K, capacity 1456K, committed 1536K, reserved 1048576K
}
Event: 2.483 GC heap after
{Heap after GC invocations=2 (full 0):
 garbage-first heap   total 63488K, used 6231K [0x00000000c2000000, 0x0000000100000000)
  region size 1024K, 1 young (1024K), 1 survivors (1024K)
 Metaspace       used 14090K, capacity 14311K, committed 14592K, reserved 1062912K
  class space    used 1363K, capacity 1456K, committed 1536K, reserved 1048576K
}
Event: 3.838 GC heap before
{Heap before GC invocations=2 (full 0):
 garbage-first heap   total 63488K, used 27735K [0x00000000c2000000, 0x0000000100000000)
  region size 1024K, 23 young (23552K), 1 survivors (1024K)
 Metaspace       used 20156K, capacity 20626K, committed 20736K, reserved 1067008K
  class space    used 2040K, capacity 2215K, committed 2304K, reserved 1048576K
}
Event: 3.849 GC heap after
{Heap after GC invocations=3 (full 0):
 garbage-first heap   total 63488K, used 8223K [0x00000000c2000000, 0x0000000100000000)
  region size 1024K, 3 young (3072K), 3 survivors (3072K)
 Metaspace       used 20156K, capacity 20626K, committed 20736K, reserved 1067008K
  class space    used 2040K, capacity 2215K, committed 2304K, reserved 1048576K
}
Event: 3.930 GC heap before
{Heap before GC invocations=3 (full 0):
 garbage-first heap   total 63488K, used 8223K [0x00000000c2000000, 0x0000000100000000)
  region size 1024K, 4 young (4096K), 3 survivors (3072K)
 Metaspace       used 20730K, capacity 21218K, committed 21248K, reserved 1069056K
  class space    used 2098K, capacity 2285K, committed 2304K, reserved 1048576K
}
Event: 3.939 GC heap after
{Heap after GC invocations=4 (full 0):
 garbage-first heap   total 63488K, used 8575K [0x00000000c2000000, 0x0000000100000000)
  region size 1024K, 1 young (1024K), 1 survivors (1024K)
 Metaspace       used 20730K, capacity 21218K, committed 21248K, reserved 1069056K
  class space    used 2098K, capacity 2285K, committed 2304K, reserved 1048576K
}
Event: 4.627 GC heap before
{Heap before GC invocations=5 (full 0):
 garbage-first heap   total 63488K, used 31103K [0x00000000c2000000, 0x0000000100000000)
  region size 1024K, 23 young (23552K), 1 survivors (1024K)
 Metaspace       used 24687K, capacity 25267K, committed 25600K, reserved 1073152K
  class space    used 2513K, capacity 2738K, committed 2816K, reserved 1048576K
}
Event: 4.636 GC heap after
{Heap after GC invocations=6 (full 0):
 garbage-first heap   total 63488K, used 12243K [0x00000000c2000000, 0x0000000100000000)
  region size 1024K, 3 young (3072K), 3 survivors (3072K)
 Metaspace       used 24687K, capacity 25267K, committed 25600K, reserved 1073152K
  class space    used 2513K, capacity 2738K, committed 2816K, reserved 1048576K
}
Event: 8.818 GC heap before
{Heap before GC invocations=7 (full 0):
 garbage-first heap   total 63488K, used 34771K [0x00000000c2000000, 0x0000000100000000)
  region size 1024K, 26 young (26624K), 3 survivors (3072K)
 Metaspace       used 31197K, capacity 31955K, committed 32128K, reserved 1077248K
  class space    used 3373K, capacity 3648K, committed 3712K, reserved 1048576K
}

